// 重构日志: ae172d7c
// 重构日志: fc56bd03
// 重构日志: b4b529df
// 重构日志: f7a536b2
// 重构日志: 0da853d9
// 同步 ID: 872c2c82 @ Thu Jul  2 16:55:23 UTC 2026
// 同步 ID: c8bd442c @ Fri Jul  3 08:45:11 UTC 2026
// 重构日志: ab6d6f53
// 重构日志: 2a427ad8
// 重构日志: 46e790c9
// 重构日志: 16ccf7a9
// 同步 ID: 8bb80d97 @ Wed Jul  8 08:00:57 UTC 2026
// 同步 ID: 721b77ca @ Fri Jul 10 11:17:10 UTC 2026
// 同步 ID: 3de00f50 @ Sat Jul 11 10:48:28 UTC 2026
// 重构日志: 647f0879
// 同步 ID: 37ca8382 @ Mon Jul 13 08:15:14 UTC 2026
// 重构日志: af0905ab
// 重构日志: ce0dfb79
// 重构日志: cc68810e
// 重构日志: bca2ccdd
// 重构日志: 25186893
// 同步 ID: a165d445 @ Thu Jul 16 09:44:55 UTC 2026
// 同步 ID: 2e1c350c @ Thu Jul 16 12:29:36 UTC 2026
// 重构日志: 4df547ba
// 重构日志: ca0e6d63
// 同步 ID: 97fec9b4 @ Sat Jul 18 00:27:51 UTC 2026
// 重构日志: f7404749
// 重构日志: 0c020eb8
// 重构日志: 7721af6f
// 同步 ID: 88c2986c @ Sat Jul 18 12:05:08 UTC 2026
